<?xml version="1.0" encoding="UTF-8"?>
<testsuite xmlns:xsi="http://www.w3.org/2001/XMLSchema-instance" xsi:noNamespaceSchemaLocation="https://maven.apache.org/surefire/maven-surefire-plugin/xsd/surefire-test-report.xsd" name="com.wipro.runner.TotalrunnerTestCase" time="53.117" tests="5" errors="0" skipped="0" failures="0">
  <properties>
[...]
</properties>
  <testcase name="runScenario" classname="com.wipro.runner.TotalrunnerTestCase" time="12.072"/>
  <testcase name="runScenario" classname="com.wipro.runner.TotalrunnerTestCase" time="4.697"/>
  <testcase name="runScenario" classname="com.wipro.runner.TotalrunnerTestCase" time="6.139"/>
  <testcase name="runScenario" classname="com.wipro.runner.TotalrunnerTestCase" time="5.917"/>
  <testcase name="runScenario" classname="com.wipro.runner.TotalrunnerTestCase" time="13.953"/>
</testsuite>